2019-08-27 08:55:40 +0000  Initial pipeline context: <IDEDistributionProcessingPipelineContext: 0x7fc54a0efb10; archive(resolved)='<IDEArchive: 0x7fc559f95bb0>', distributionTask(resolved)='2', distributionDestination(resolved)='1', distributionMethod(resolved)='<IDEDistributionMethodiOSAppStoreDistribution: 0x7fc59125c200>', team(resolved)='<IDEProvisioningDisambiguatableBasicTeam: 0x7fc5926b6b90; teamID='XFUVC9HUP4', teamName='Tianbie Wen', teamType='Individual', username='buei11b3@sohu.com', isFreeProvisioningTeam='0'>'>
	Chain (12, self inclusive):
	<IDEDistributionProcessingPipelineContext: 0x7fc54a0efb10; archive = '<IDEArchive: 0x7fc559f95bb0>', distributionMethod='<IDEDistributionMethodiOSAppStoreDistribution: 0x7fc59125c200>', team='<IDEProvisioningDisambiguatableBasicTeam: 0x7fc5926b6b90; teamID='XFUVC9HUP4', teamName='Tianbie Wen', teamType='Individual', username='buei11b3@sohu.com', isFreeProvisioningTeam='0'>'>
	<IDEDistributionProcessingPipelineContext: 0x7fc54a0ef580; archive = '<IDEArchive: 0x7fc559f95bb0>', distributionMethod='<IDEDistributionMethodiOSAppStoreDistribution: 0x7fc59125c200>', team='<IDEProvisioningDisambiguatableBasicTeam: 0x7fc5926b6b90; teamID='XFUVC9HUP4', teamName='Tianbie Wen', teamType='Individual', username='buei11b3@sohu.com', isFreeProvisioningTeam='0'>'>
	<IDEDistributionContext: 0x7fc54a5b1320; archive = '<IDEArchive: 0x7fc559f95bb0>', distributionMethod='<IDEDistributionMethodiOSAppStoreDistribution: 0x7fc59125c200>', team='<IDEProvisioningDisambiguatableBasicTeam: 0x7fc5926b6b90; teamID='XFUVC9HUP4', teamName='Tianbie Wen', teamType='Individual', username='buei11b3@sohu.com', isFreeProvisioningTeam='0'>'>
	<IDEDistributionContext: 0x7fc55a859370; archive = '<IDEArchive: 0x7fc559f95bb0>', distributionMethod='<IDEDistributionMethodiOSAppStoreDistribution: 0x7fc59125c200>', team='<IDEProvisioningDisambiguatableBasicTeam: 0x7fc5926b6b90; teamID='XFUVC9HUP4', teamName='Tianbie Wen', teamType='Individual', username='buei11b3@sohu.com', isFreeProvisioningTeam='0'>'>
	<IDEDistributionContext: 0x7fc54b173dc0; archive = '<IDEArchive: 0x7fc559f95bb0>', distributionMethod='<IDEDistributionMethodiOSAppStoreDistribution: 0x7fc59125c200>', team='<IDEProvisioningDisambiguatableBasicTeam: 0x7fc5926b6b90; teamID='XFUVC9HUP4', teamName='Tianbie Wen', teamType='Individual', username='buei11b3@sohu.com', isFreeProvisioningTeam='0'>'>
	<IDEDistributionContext: 0x7fc577f28f30; archive = '<IDEArchive: 0x7fc559f95bb0>', distributionMethod='<IDEDistributionMethodiOSAppStoreDistribution: 0x7fc59125c200>', team='<IDEProvisioningDisambiguatableBasicTeam: 0x7fc5926b6b90; teamID='XFUVC9HUP4', teamName='Tianbie Wen', teamType='Individual', username='buei11b3@sohu.com', isFreeProvisioningTeam='0'>'>
	<IDEDistributionContext: 0x7fc54a00b5e0; archive = '<IDEArchive: 0x7fc559f95bb0>', distributionMethod='<IDEDistributionMethodiOSAppStoreDistribution: 0x7fc59125c200>', team='<IDEProvisioningDisambiguatableBasicTeam: 0x7fc5926b6b90; teamID='XFUVC9HUP4', teamName='Tianbie Wen', teamType='Individual', username='buei11b3@sohu.com', isFreeProvisioningTeam='0'>'>
	<IDEDistributionContext: 0x7fc549fe2620; archive = '<IDEArchive: 0x7fc559f95bb0>', distributionMethod='<IDEDistributionMethodiOSAppStoreDistribution: 0x7fc59125c200>', team='<IDEProvisioningDisambiguatableBasicTeam: 0x7fc5926b6b90; teamID='XFUVC9HUP4', teamName='Tianbie Wen', teamType='Individual', username='buei11b3@sohu.com', isFreeProvisioningTeam='0'>'>
	<IDEDistributionContext: 0x7fc571d80f10; archive = '<IDEArchive: 0x7fc559f95bb0>', distributionMethod='<IDEDistributionMethodiOSAppStoreDistribution: 0x7fc59125c200>', team='<IDEProvisioningDisambiguatableBasicTeam: 0x7fc5926b6b90; teamID='XFUVC9HUP4', teamName='Tianbie Wen', teamType='Individual', username='buei11b3@sohu.com', isFreeProvisioningTeam='0'>'>
	<IDEDistributionContext: 0x7fc55b987ff0; archive = '<IDEArchive: 0x7fc559f95bb0>', distributionMethod='<IDEDistributionMethodiOSAppStoreDistribution: 0x7fc59125c200>', team='(null)'>
	<IDEDistributionContext: 0x7fc576f99710; archive = '<IDEArchive: 0x7fc559f95bb0>', distributionMethod='<IDEDistributionMethodiOSAppStoreDistribution: 0x7fc59125c200>', team='(null)'>
	<IDEDistributionContext: 0x7fc55ca4b380; archive = '<IDEArchive: 0x7fc559f95bb0>', distributionMethod='(null)', team='(null)'>
</IDEDistributionProcessingPipelineContext: 0x7fc54a0efb10>
2019-08-27 08:55:40 +0000  Processing step: IDEDistributionCreateDestRootStep
2019-08-27 08:55:40 +0000  Processing step: IDEDistributionCopyItemStep
2019-08-27 08:55:40 +0000  Running /usr/bin/ditto '-V' '/Users/hello/Library/Developer/Xcode/Archives/2019-08-27/appGame58 2019-8-27, 4.55 PM.xcarchive/Products/Applications/appGame58.app' '/var/folders/tm/yrvf975d14z1drx0fy0plyg00000gn/T/XcodeDistPipeline.~~~5zolaC/Root/Payload/appGame58.app'
2019-08-27 08:55:40 +0000  >>> Copying /Users/hello/Library/Developer/Xcode/Archives/2019-08-27/appGame58 2019-8-27, 4.55 PM.xcarchive/Products/Applications/appGame58.app 
2019-08-27 08:55:40 +0000  copying file ./_CodeSignature/CodeResources ... 
2019-08-27 08:55:40 +0000  54125 bytes for ./_CodeSignature/CodeResources
2019-08-27 08:55:40 +0000  copying file ./antfill.ttf ... 
2019-08-27 08:55:40 +0000  47112 bytes for ./antfill.ttf
copying file ./Octicons.ttf ... 
2019-08-27 08:55:40 +0000  27520 bytes for ./Octicons.ttf
2019-08-27 08:55:40 +0000  copying file ./Feather.ttf ... 
2019-08-27 08:55:40 +0000  55288 bytes for ./Feather.ttf
2019-08-27 08:55:40 +0000  copying file ./zh-Hans.lproj/Localizable.strings ... 
2019-08-27 08:55:40 +0000  357 bytes for ./zh-Hans.lproj/Localizable.strings
copying file ./zh-Hans.lproj/InfoPlist.strings ... 
2019-08-27 08:55:40 +0000  73 bytes for ./zh-Hans.lproj/InfoPlist.strings
2019-08-27 08:55:40 +0000  copying file ./LaunchImage-1100-Portrait-2436h@3x.png ... 
2019-08-27 08:55:40 +0000  211016 bytes for ./LaunchImage-1100-Portrait-2436h@3x.png
2019-08-27 08:55:40 +0000  copying file ./appGame58 ... 
2019-08-27 08:55:40 +0000  11879216 bytes for ./appGame58
2019-08-27 08:55:40 +0000  copying file ./Roboto_medium.ttf ... 
2019-08-27 08:55:40 +0000  137308 bytes for ./Roboto_medium.ttf
2019-08-27 08:55:40 +0000  copying file ./AppIcon20x20@2x.png ... 
2019-08-27 08:55:40 +0000  3212 bytes for ./AppIcon20x20@2x.png
copying file ./en.lproj/Localizable.strings ... 
2019-08-27 08:55:40 +0000  316 bytes for ./en.lproj/Localizable.strings
copying file ./en.lproj/InfoPlist.strings ... 
2019-08-27 08:55:40 +0000  83 bytes for ./en.lproj/InfoPlist.strings
2019-08-27 08:55:40 +0000  copying file ./AppIcon57x57.png ... 
2019-08-27 08:55:40 +0000  5543 bytes for ./AppIcon57x57.png
copying file ./Entypo.ttf ... 
2019-08-27 08:55:40 +0000  65584 bytes for ./Entypo.ttf
copying file ./AppIcon20x20@3x.png ... 
2019-08-27 08:55:40 +0000  5968 bytes for ./AppIcon20x20@3x.png
copying file ./antoutline.ttf ... 
2019-08-27 08:55:40 +0000  92180 bytes for ./antoutline.ttf
2019-08-27 08:55:40 +0000  copying file ./FontAwesome5_Brands.ttf ... 
2019-08-27 08:55:40 +0000  126192 bytes for ./FontAwesome5_Brands.ttf
copying file ./AppIcon29x29.png ... 
2019-08-27 08:55:40 +0000  1957 bytes for ./AppIcon29x29.png
copying file ./MaterialCommunityIcons.ttf ... 
2019-08-27 08:55:40 +0000  322456 bytes for ./MaterialCommunityIcons.ttf
2019-08-27 08:55:40 +0000  copying file ./UMSocialSDKResources.bundle/UMSocialWaterMark/umsocial_defaultwatermark.png ... 
2019-08-27 08:55:40 +0000  3003 bytes for ./UMSocialSDKResources.bundle/UMSocialWaterMark/umsocial_defaultwatermark.png
2019-08-27 08:55:40 +0000  copying file ./UMSocialSDKResources.bundle/zh-Hans.lproj/UMSocialLocalizable.strings ... 
2019-08-27 08:55:40 +0000  6740 bytes for ./UMSocialSDKResources.bundle/zh-Hans.lproj/UMSocialLocalizable.strings
2019-08-27 08:55:40 +0000  copying file ./UMSocialSDKResources.bundle/en.lproj/UMSocialLocalizable.strings ... 
2019-08-27 08:55:40 +0000  6554 bytes for ./UMSocialSDKResources.bundle/en.lproj/UMSocialLocalizable.strings
2019-08-27 08:55:40 +0000  copying file ./UMSocialSDKResources.bundle/Buttons/UMS_nav_button_close@2x.png ... 
2019-08-27 08:55:40 +0000  500 bytes for ./UMSocialSDKResources.bundle/Buttons/UMS_nav_button_close@2x.png
copying file ./UMSocialSDKResources.bundle/Buttons/UMS_url_image@2x.png ... 
2019-08-27 08:55:40 +0000  1562 bytes for ./UMSocialSDKResources.bundle/Buttons/UMS_url_image@2x.png
2019-08-27 08:55:40 +0000  copying file ./UMSocialSDKResources.bundle/Buttons/UMS_url_music@2x.png ... 
1771 bytes for ./UMSocialSDKResources.bundle/Buttons/UMS_url_music@2x.png
2019-08-27 08:55:40 +0000  copying file ./UMSocialSDKResources.bundle/Buttons/UMS_add_friend_off@2x.png ... 
134 bytes for ./UMSocialSDKResources.bundle/Buttons/UMS_add_friend_off@2x.png
2019-08-27 08:55:40 +0000  copying file ./UMSocialSDKResources.bundle/Buttons/UMS_delete_image_button_normal@2x.png ... 
2019-08-27 08:55:40 +0000  891 bytes for ./UMSocialSDKResources.bundle/Buttons/UMS_delete_image_button_normal@2x.png
copying file ./UMSocialSDKResources.bundle/Buttons/UMS_nav_button_send@2x.png ... 
2019-08-27 08:55:40 +0000  1624 bytes for ./UMSocialSDKResources.bundle/Buttons/UMS_nav_button_send@2x.png
copying file ./UMSocialSDKResources.bundle/Buttons/UMS_url_video@2x.png ... 
2019-08-27 08:55:40 +0000  2062 bytes for ./UMSocialSDKResources.bundle/Buttons/UMS_url_video@2x.png
2019-08-27 08:55:40 +0000  copying file ./UMSocialSDKResources.bundle/UMSocialPlatformTheme/default/umsocial_renren.png ... 
2019-08-27 08:55:40 +0000  1529 bytes for ./UMSocialSDKResources.bundle/UMSocialPlatformTheme/default/umsocial_renren.png
copying file ./UMSocialSDKResources.bundle/UMSocialPlatformTheme/default/umsocial_default.png ... 
2019-08-27 08:55:40 +0000  4203 bytes for ./UMSocialSDKResources.bundle/UMSocialPlatformTheme/default/umsocial_default.png
copying file ./UMSocialSDKResources.bundle/UMSocialPlatformTheme/default/umsocial_pinterest.png ... 
2019-08-27 08:55:40 +0000  1987 bytes for ./UMSocialSDKResources.bundle/UMSocialPlatformTheme/default/umsocial_pinterest.png
2019-08-27 08:55:40 +0000  copying file ./UMSocialSDKResources.bundle/UMSocialPlatformTheme/default/umsocial_alipay.png ... 
2019-08-27 08:55:40 +0000  1370 bytes for ./UMSocialSDKResources.bundle/UMSocialPlatformTheme/default/umsocial_alipay.png
copying file ./UMSocialSDKResources.bundle/UMSocialPlatformTheme/default/umsocial_yixin_session.png ... 
2019-08-27 08:55:40 +0000  1833 bytes for ./UMSocialSDKResources.bundle/UMSocialPlatformTheme/default/umsocial_yixin_session.png
copying file ./UMSocialSDKResources.bundle/UMSocialPlatformTheme/default/umsocial_vkontakte.png ... 
2019-08-27 08:55:40 +0000  1867 bytes for ./UMSocialSDKResources.bundle/UMSocialPlatformTheme/default/umsocial_vkontakte.png
copying file ./UMSocialSDKResources.bundle/UMSocialPlatformTheme/default/umsocial_tim.png ... 
2019-08-27 08:55:40 +0000  2597 bytes for ./UMSocialSDKResources.bundle/UMSocialPlatformTheme/default/umsocial_tim.png
copying file ./UMSocialSDKResources.bundle/UMSocialPlatformTheme/default/umsocial_lw_session.png ... 
2019-08-27 08:55:40 +0000  2391 bytes for ./UMSocialSDKResources.bundle/UMSocialPlatformTheme/default/umsocial_lw_session.png
copying file ./UMSocialSDKResources.bundle/UMSocialPlatformTheme/default/umsocial_linkedin.png ... 
2019-08-27 08:55:40 +0000  1637 bytes for ./UMSocialSDKResources.bundle/UMSocialPlatformTheme/default/umsocial_linkedin.png
copying file ./UMSocialSDKResources.bundle/UMSocialPlatformTheme/default/umsocial_yixin_favorite.png ... 
2019-08-27 08:55:40 +0000  4145 bytes for ./UMSocialSDKResources.bundle/UMSocialPlatformTheme/default/umsocial_yixin_favorite.png
copying file ./UMSocialSDKResources.bundle/UMSocialPlatformTheme/default/umsocial_youdaonote.png ... 
2019-08-27 08:55:40 +0000  1158 bytes for ./UMSocialSDKResources.bundle/UMSocialPlatformTheme/default/umsocial_youdaonote.png
copying file ./UMSocialSDKResources.bundle/UMSocialPlatformTheme/default/umsocial_flickr.png ... 
2019-08-27 08:55:40 +0000  979 bytes for ./UMSocialSDKResources.bundle/UMSocialPlatformTheme/default/umsocial_flickr.png
copying file ./UMSocialSDKResources.bundle/UMSocialPlatformTheme/default/umsocial_line.png ... 
2019-08-27 08:55:40 +0000  1720 bytes for ./UMSocialSDKResources.bundle/UMSocialPlatformTheme/default/umsocial_line.png
copying file ./UMSocialSDKResources.bundle/UMSocialPlatformTheme/default/umsocial_email.png ... 
2019-08-27 08:55:40 +0000  1211 bytes for ./UMSocialSDKResources.bundle/UMSocialPlatformTheme/default/umsocial_email.png
copying file ./UMSocialSDKResources.bundle/UMSocialPlatformTheme/default/umsocial_sms.png ... 
2019-08-27 08:55:40 +0000  1127 bytes for ./UMSocialSDKResources.bundle/UMSocialPlatformTheme/default/umsocial_sms.png
2019-08-27 08:55:40 +0000  copying file ./UMSocialSDKResources.bundle/UMSocialPlatformTheme/default/umsocial_evernote.png ... 
2019-08-27 08:55:40 +0000  1267 bytes for ./UMSocialSDKResources.bundle/UMSocialPlatformTheme/default/umsocial_evernote.png
copying file ./UMSocialSDKResources.bundle/UMSocialPlatformTheme/default/umsocial_twitter.png ... 
2019-08-27 08:55:40 +0000  1442 bytes for ./UMSocialSDKResources.bundle/UMSocialPlatformTheme/default/umsocial_twitter.png
2019-08-27 08:55:40 +0000  copying file ./UMSocialSDKResources.bundle/UMSocialPlatformTheme/default/umsocial_whatsapp.png ... 
2019-08-27 08:55:40 +0000  1832 bytes for ./UMSocialSDKResources.bundle/UMSocialPlatformTheme/default/umsocial_whatsapp.png
copying file ./UMSocialSDKResources.bundle/UMSocialPlatformTheme/default/umsocial_googleplus.png ... 
2019-08-27 08:55:40 +0000  2320 bytes for ./UMSocialSDKResources.bundle/UMSocialPlatformTheme/default/umsocial_googleplus.png
copying file ./UMSocialSDKResources.bundle/UMSocialPlatformTheme/default/umsocial_douban.png ... 
2019-08-27 08:55:40 +0000  813 bytes for ./UMSocialSDKResources.bundle/UMSocialPlatformTheme/default/umsocial_douban.png
copying file ./UMSocialSDKResources.bundle/UMSocialPlatformTheme/default/umsocial_lw_timeline.png ... 
2019-08-27 08:55:40 +0000  1139 bytes for ./UMSocialSDKResources.bundle/UMSocialPlatformTheme/default/umsocial_lw_timeline.png
copying file ./UMSocialSDKResources.bundle/UMSocialPlatformTheme/default/umsocial_facebook.png ... 
2019-08-27 08:55:40 +0000  1468 bytes for ./UMSocialSDKResources.bundle/UMSocialPlatformTheme/default/umsocial_facebook.png
2019-08-27 08:55:40 +0000  copying file ./UMSocialSDKResources.bundle/UMSocialPlatformTheme/default/umsocial_dingding.png ... 
2019-08-27 08:55:40 +0000  1390 bytes for ./UMSocialSDKResources.bundle/UMSocialPlatformTheme/default/umsocial_dingding.png
copying file ./UMSocialSDKResources.bundle/UMSocialPlatformTheme/default/umsocial_wechat.png ... 
2019-08-27 08:55:40 +0000  1628 bytes for ./UMSocialSDKResources.bundle/UMSocialPlatformTheme/default/umsocial_wechat.png
copying file ./UMSocialSDKResources.bundle/UMSocialPlatformTheme/default/umsocial_yixin_timeline.png ... 
2019-08-27 08:55:40 +0000  2199 bytes for ./UMSocialSDKResources.bundle/UMSocialPlatformTheme/default/umsocial_yixin_timeline.png
2019-08-27 08:55:40 +0000  copying file ./UMSocialSDKResources.bundle/UMSocialPlatformTheme/default/umsocial_dropbox.png ... 
2019-08-27 08:55:40 +0000  1692 bytes for ./UMSocialSDKResources.bundle/UMSocialPlatformTheme/default/umsocial_dropbox.png
copying file ./UMSocialSDKResources.bundle/UMSocialPlatformTheme/default/umsocial_pocket.png ... 
2019-08-27 08:55:40 +0000  1405 bytes for ./UMSocialSDKResources.bundle/UMSocialPlatformTheme/default/umsocial_pocket.png
2019-08-27 08:55:40 +0000  copying file ./UMSocialSDKResources.bundle/UMSocialPlatformTheme/default/umsocial_wechat_timeline.png ... 
2019-08-27 08:55:40 +0000  1506 bytes for ./UMSocialSDKResources.bundle/UMSocialPlatformTheme/default/umsocial_wechat_timeline.png
copying file ./UMSocialSDKResources.bundle/UMSocialPlatformTheme/default/umsocial_tencentWB.png ... 
2019-08-27 08:55:40 +0000  1943 bytes for ./UMSocialSDKResources.bundle/UMSocialPlatformTheme/default/umsocial_tencentWB.png
2019-08-27 08:55:40 +0000  copying file ./UMSocialSDKResources.bundle/UMSocialPlatformTheme/default/umsocial_wechat_favorite.png ... 
2019-08-27 08:55:40 +0000  1179 bytes for ./UMSocialSDKResources.bundle/UMSocialPlatformTheme/default/umsocial_wechat_favorite.png
2019-08-27 08:55:40 +0000  copying file ./UMSocialSDKResources.bundle/UMSocialPlatformTheme/default/umsocial_sina.png ... 
2019-08-27 08:55:40 +0000  2581 bytes for ./UMSocialSDKResources.bundle/UMSocialPlatformTheme/default/umsocial_sina.png
copying file ./UMSocialSDKResources.bundle/UMSocialPlatformTheme/default/umsocial_tumblr.png ... 
2019-08-27 08:55:40 +0000  1564 bytes for ./UMSocialSDKResources.bundle/UMSocialPlatformTheme/default/umsocial_tumblr.png
2019-08-27 08:55:40 +0000  copying file ./UMSocialSDKResources.bundle/UMSocialPlatformTheme/default/umsocial_kakaoTalk.png ... 
2019-08-27 08:55:40 +0000  1893 bytes for ./UMSocialSDKResources.bundle/UMSocialPlatformTheme/default/umsocial_kakaoTalk.png
copying file ./UMSocialSDKResources.bundle/UMSocialPlatformTheme/default/umsocial_facebookmessenger.png ... 
2019-08-27 08:55:40 +0000  1749 bytes for ./UMSocialSDKResources.bundle/UMSocialPlatformTheme/default/umsocial_facebookmessenger.png
2019-08-27 08:55:40 +0000  copying file ./UMSocialSDKResources.bundle/UMSocialPlatformTheme/default/umsocial_qzone.png ... 
2019-08-27 08:55:40 +0000  2083 bytes for ./UMSocialSDKResources.bundle/UMSocialPlatformTheme/default/umsocial_qzone.png
2019-08-27 08:55:40 +0000  copying file ./UMSocialSDKResources.bundle/UMSocialPlatformTheme/default/umsocial_qq.png ... 
2019-08-27 08:55:40 +0000  3505 bytes for ./UMSocialSDKResources.bundle/UMSocialPlatformTheme/default/umsocial_qq.png
copying file ./UMSocialSDKResources.bundle/UMSocialPlatformTheme/default/umsocial_instagram.png ... 
2019-08-27 08:55:40 +0000  1952 bytes for ./UMSocialSDKResources.bundle/UMSocialPlatformTheme/default/umsocial_instagram.png
2019-08-27 08:55:40 +0000  copying file ./PlugIns/Today.appex/_CodeSignature/CodeResources ... 
2019-08-27 08:55:40 +0000  2112 bytes for ./PlugIns/Today.appex/_CodeSignature/CodeResources
2019-08-27 08:55:40 +0000  copying file ./PlugIns/Today.appex/Today ... 
2019-08-27 08:55:40 +0000  1927472 bytes for ./PlugIns/Today.appex/Today
2019-08-27 08:55:40 +0000  copying file ./PlugIns/Today.appex/embedded.mobileprovision ... 
9818 bytes for ./PlugIns/Today.appex/embedded.mobileprovision
copying file ./PlugIns/Today.appex/Info.plist ... 
869 bytes for ./PlugIns/Today.appex/Info.plist
copying file ./AppIcon60x60@2x.png ... 
2019-08-27 08:55:40 +0000  19053 bytes for ./AppIcon60x60@2x.png
2019-08-27 08:55:40 +0000  copying file ./IQKeyboardManager.bundle/IQButtonBarArrowRight@2x.png ... 
2019-08-27 08:55:40 +0000  1786 bytes for ./IQKeyboardManager.bundle/IQButtonBarArrowRight@2x.png
2019-08-27 08:55:40 +0000  copying file ./IQKeyboardManager.bundle/IQButtonBarArrowUp@3x.png ... 
2019-08-27 08:55:40 +0000  2164 bytes for ./IQKeyboardManager.bundle/IQButtonBarArrowUp@3x.png
copying file ./IQKeyboardManager.bundle/IQButtonBarArrowUp@2x.png ... 
2019-08-27 08:55:40 +0000  1769 bytes for ./IQKeyboardManager.bundle/IQButtonBarArrowUp@2x.png
2019-08-27 08:55:40 +0000  copying file ./IQKeyboardManager.bundle/IQButtonBarArrowRight@3x.png ... 
2019-08-27 08:55:40 +0000  1844 bytes for ./IQKeyboardManager.bundle/IQButtonBarArrowRight@3x.png
2019-08-27 08:55:40 +0000  copying file ./IQKeyboardManager.bundle/IQButtonBarArrowLeft@3x.png ... 
2019-08-27 08:55:40 +0000  1815 bytes for ./IQKeyboardManager.bundle/IQButtonBarArrowLeft@3x.png
2019-08-27 08:55:40 +0000  copying file ./IQKeyboardManager.bundle/IQButtonBarArrowDown@3x.png ... 
2019-08-27 08:55:40 +0000  2177 bytes for ./IQKeyboardManager.bundle/IQButtonBarArrowDown@3x.png
2019-08-27 08:55:40 +0000  copying file ./IQKeyboardManager.bundle/IQButtonBarArrowDown@2x.png ... 
2019-08-27 08:55:40 +0000  1764 bytes for ./IQKeyboardManager.bundle/IQButtonBarArrowDown@2x.png
copying file ./IQKeyboardManager.bundle/IQButtonBarArrowLeft@2x.png ... 
2019-08-27 08:55:40 +0000  1793 bytes for ./IQKeyboardManager.bundle/IQButtonBarArrowLeft@2x.png
2019-08-27 08:55:40 +0000  copying file ./AppIcon72x72@2x~ipad.png ... 
2019-08-27 08:55:40 +0000  25954 bytes for ./AppIcon72x72@2x~ipad.png
2019-08-27 08:55:40 +0000  copying file ./AppIcon29x29@2x.png ... 
2019-08-27 08:55:40 +0000  5674 bytes for ./AppIcon29x29@2x.png
copying file ./AntDesign.ttf ... 
2019-08-27 08:55:40 +0000  70344 bytes for ./AntDesign.ttf
2019-08-27 08:55:40 +0000  copying file ./LaunchImage-800-667h@2x.png ... 
2019-08-27 08:55:40 +0000  104383 bytes for ./LaunchImage-800-667h@2x.png
copying file ./AppIcon40x40@3x.png ... 
2019-08-27 08:55:40 +0000  19053 bytes for ./AppIcon40x40@3x.png
2019-08-27 08:55:40 +0000  copying file ./AppIcon57x57@2x.png ... 
2019-08-27 08:55:40 +0000  17523 bytes for ./AppIcon57x57@2x.png
2019-08-27 08:55:40 +0000  copying file ./Foundation.ttf ... 
2019-08-27 08:55:40 +0000  56976 bytes for ./Foundation.ttf
copying file ./AppIcon29x29~ipad.png ... 
2019-08-27 08:55:40 +0000  1957 bytes for ./AppIcon29x29~ipad.png
2019-08-27 08:55:40 +0000  copying file ./Ionicons.ttf ... 
2019-08-27 08:55:40 +0000  143936 bytes for ./Ionicons.ttf
2019-08-27 08:55:40 +0000  copying file ./FontAwesome5_Solid.ttf ... 
2019-08-27 08:55:40 +0000  196952 bytes for ./FontAwesome5_Solid.ttf
copying file ./AppIcon40x40@2x.png ... 
2019-08-27 08:55:40 +0000  9790 bytes for ./AppIcon40x40@2x.png
copying file ./FontAwesome5_Regular.ttf ... 
2019-08-27 08:55:40 +0000  40232 bytes for ./FontAwesome5_Regular.ttf
2019-08-27 08:55:40 +0000  copying file ./LaunchImage-1200-Portrait-2688h@3x.png ... 
2019-08-27 08:55:40 +0000  238269 bytes for ./LaunchImage-1200-Portrait-2688h@3x.png
copying file ./AppIcon29x29@3x.png ... 
2019-08-27 08:55:40 +0000  11313 bytes for ./AppIcon29x29@3x.png
copying file ./AppIcon60x60@3x.png ... 
2019-08-27 08:55:40 +0000  37908 bytes for ./AppIcon60x60@3x.png
copying file ./rubicon-icon-font.ttf ... 
2019-08-27 08:55:40 +0000  10208 bytes for ./rubicon-icon-font.ttf
copying file ./FontAwesome.ttf ... 
2019-08-27 08:55:40 +0000  165548 bytes for ./FontAwesome.ttf
copying file ./background.png ... 
2019-08-27 08:55:40 +0000  1502483 bytes for ./background.png
2019-08-27 08:55:40 +0000  copying file ./I.Ming-6.00.ttf ... 
2019-08-27 08:55:40 +0000  24983016 bytes for ./I.Ming-6.00.ttf
copying file ./Zocial.ttf ... 
2019-08-27 08:55:40 +0000  25552 bytes for ./Zocial.ttf
copying file ./Roboto.ttf ... 
2019-08-27 08:55:40 +0000  145348 bytes for ./Roboto.ttf
copying file ./Assets.car ... 
2019-08-27 08:55:40 +0000  1350104 bytes for ./Assets.car
copying file ./AppIcon40x40@2x~ipad.png ... 
2019-08-27 08:55:40 +0000  9790 bytes for ./AppIcon40x40@2x~ipad.png
2019-08-27 08:55:40 +0000  copying file ./EvilIcons.ttf ... 
2019-08-27 08:55:40 +0000  13128 bytes for ./EvilIcons.ttf
copying file ./AppIcon76x76@2x~ipad.png ... 
2019-08-27 08:55:40 +0000  28518 bytes for ./AppIcon76x76@2x~ipad.png
copying file ./LaunchImage-800-Portrait-736h@3x.png ... 
2019-08-27 08:55:40 +0000  234312 bytes for ./LaunchImage-800-Portrait-736h@3x.png
copying file ./AppIcon72x72~ipad.png ... 
2019-08-27 08:55:40 +0000  8391 bytes for ./AppIcon72x72~ipad.png
copying file ./main.jsbundle ... 
2019-08-27 08:55:40 +0000  654383 bytes for ./main.jsbundle
copying file ./AppIcon83.5x83.5@2x~ipad.png ... 
2019-08-27 08:55:40 +0000  33350 bytes for ./AppIcon83.5x83.5@2x~ipad.png
copying file ./LaunchImage-1200-Portrait-1792h@2x.png ... 
2019-08-27 08:55:40 +0000  125592 bytes for ./LaunchImage-1200-Portrait-1792h@2x.png
copying file ./AppIcon50x50~ipad.png ... 
2019-08-27 08:55:40 +0000  4638 bytes for ./AppIcon50x50~ipad.png
copying file ./AppIcon29x29@2x~ipad.png ... 
2019-08-27 08:55:40 +0000  5674 bytes for ./AppIcon29x29@2x~ipad.png
copying file ./AppIcon50x50@2x~ipad.png ... 
2019-08-27 08:55:40 +0000  14221 bytes for ./AppIcon50x50@2x~ipad.png
2019-08-27 08:55:40 +0000  copying file ./AppIcon40x40~ipad.png ... 
2019-08-27 08:55:40 +0000  3212 bytes for ./AppIcon40x40~ipad.png
2019-08-27 08:55:40 +0000  copying file ./NTESVerifyCodeResources.bundle/mobile.v2.11.4.html ... 
2019-08-27 08:55:40 +0000  34863 bytes for ./NTESVerifyCodeResources.bundle/mobile.v2.11.4.html
copying file ./NTESVerifyCodeResources.bundle/ico_loading@1x.png ... 
2019-08-27 08:55:40 +0000  553 bytes for ./NTESVerifyCodeResources.bundle/ico_loading@1x.png
copying file ./NTESVerifyCodeResources.bundle/ico_error@1x.png ... 
2019-08-27 08:55:40 +0000  272 bytes for ./NTESVerifyCodeResources.bundle/ico_error@1x.png
2019-08-27 08:55:40 +0000  copying file ./NTESVerifyCodeResources.bundle/Rectangle@2x.png ... 
2019-08-27 08:55:40 +0000  2296 bytes for ./NTESVerifyCodeResources.bundle/Rectangle@2x.png
copying file ./NTESVerifyCodeResources.bundle/Rectangle@3x.png ... 
2019-08-27 08:55:40 +0000  4168 bytes for ./NTESVerifyCodeResources.bundle/Rectangle@3x.png
copying file ./NTESVerifyCodeResources.bundle/bg@1x.png ... 
2019-08-27 08:55:40 +0000  7243 bytes for ./NTESVerifyCodeResources.bundle/bg@1x.png
copying file ./NTESVerifyCodeResources.bundle/loading.gif ... 
2019-08-27 08:55:40 +0000  12209 bytes for ./NTESVerifyCodeResources.bundle/loading.gif
copying file ./NTESVerifyCodeResources.bundle/ico_close2@1x.png ... 
2019-08-27 08:55:40 +0000  1264 bytes for ./NTESVerifyCodeResources.bundle/ico_close2@1x.png
copying file ./NTESVerifyCodeResources.bundle/ico_close2@2x.png ... 
2019-08-27 08:55:40 +0000  3977 bytes for ./NTESVerifyCodeResources.bundle/ico_close2@2x.png
2019-08-27 08:55:40 +0000  copying file ./NTESVerifyCodeResources.bundle/bg@2x.png ... 
2019-08-27 08:55:40 +0000  19085 bytes for ./NTESVerifyCodeResources.bundle/bg@2x.png
copying file ./NTESVerifyCodeResources.bundle/bg@3x.png ... 
2019-08-27 08:55:40 +0000  32590 bytes for ./NTESVerifyCodeResources.bundle/bg@3x.png
copying file ./NTESVerifyCodeResources.bundle/ico_close2@3x.png ... 
2019-08-27 08:55:40 +0000  6012 bytes for ./NTESVerifyCodeResources.bundle/ico_close2@3x.png
2019-08-27 08:55:40 +0000  copying file ./NTESVerifyCodeResources.bundle/ico_error@3x.png ... 
2019-08-27 08:55:40 +0000  660 bytes for ./NTESVerifyCodeResources.bundle/ico_error@3x.png
copying file ./NTESVerifyCodeResources.bundle/ico_loading@3x.png ... 
2019-08-27 08:55:40 +0000  1566 bytes for ./NTESVerifyCodeResources.bundle/ico_loading@3x.png
copying file ./NTESVerifyCodeResources.bundle/Rectangle@1x.png ... 
2019-08-27 08:55:40 +0000  970 bytes for ./NTESVerifyCodeResources.bundle/Rectangle@1x.png
2019-08-27 08:55:40 +0000  copying file ./NTESVerifyCodeResources.bundle/Info.plist ... 
2019-08-27 08:55:40 +0000  423 bytes for ./NTESVerifyCodeResources.bundle/Info.plist
copying file ./NTESVerifyCodeResources.bundle/ico_loading@2x.png ... 
2019-08-27 08:55:40 +0000  1085 bytes for ./NTESVerifyCodeResources.bundle/ico_loading@2x.png
copying file ./NTESVerifyCodeResources.bundle/ico_error@2x.png ... 
2019-08-27 08:55:40 +0000  434 bytes for ./NTESVerifyCodeResources.bundle/ico_error@2x.png
2019-08-27 08:55:40 +0000  copying file ./AppIcon20x20~ipad.png ... 
2019-08-27 08:55:40 +0000  1088 bytes for ./AppIcon20x20~ipad.png
copying file ./SimpleLineIcons.ttf ... 
2019-08-27 08:55:40 +0000  54056 bytes for ./SimpleLineIcons.ttf
copying file ./embedded.mobileprovision ... 
2019-08-27 08:55:40 +0000  10018 bytes for ./embedded.mobileprovision
2019-08-27 08:55:40 +0000  copying file ./assets/app/loading_bg.png ... 
2019-08-27 08:55:40 +0000  31197 bytes for ./assets/app/loading_bg.png
2019-08-27 08:55:40 +0000  copying file ./SVProgressHUD.bundle/info.png ... 
2019-08-27 08:55:40 +0000  365 bytes for ./SVProgressHUD.bundle/info.png
copying file ./SVProgressHUD.bundle/error@3x.png ... 
2019-08-27 08:55:40 +0000  398 bytes for ./SVProgressHUD.bundle/error@3x.png
2019-08-27 08:55:40 +0000  copying file ./SVProgressHUD.bundle/angle-mask@3x.png ... 
2019-08-27 08:55:40 +0000  8319 bytes for ./SVProgressHUD.bundle/angle-mask@3x.png
copying file ./SVProgressHUD.bundle/angle-mask@2x.png ... 
2019-08-27 08:55:40 +0000  4893 bytes for ./SVProgressHUD.bundle/angle-mask@2x.png
2019-08-27 08:55:40 +0000  copying file ./SVProgressHUD.bundle/error@2x.png ... 
2019-08-27 08:55:40 +0000  306 bytes for ./SVProgressHUD.bundle/error@2x.png
2019-08-27 08:55:40 +0000  copying file ./SVProgressHUD.bundle/info@3x.png ... 
2019-08-27 08:55:40 +0000  1200 bytes for ./SVProgressHUD.bundle/info@3x.png
copying file ./SVProgressHUD.bundle/success@2x.png ... 
2019-08-27 08:55:40 +0000  462 bytes for ./SVProgressHUD.bundle/success@2x.png
copying file ./SVProgressHUD.bundle/success@3x.png ... 
2019-08-27 08:55:40 +0000  714 bytes for ./SVProgressHUD.bundle/success@3x.png
copying file ./SVProgressHUD.bundle/info@2x.png ... 
2019-08-27 08:55:40 +0000  816 bytes for ./SVProgressHUD.bundle/info@2x.png
2019-08-27 08:55:40 +0000  copying file ./SVProgressHUD.bundle/error.png ... 
2019-08-27 08:55:40 +0000  184 bytes for ./SVProgressHUD.bundle/error.png
copying file ./SVProgressHUD.bundle/success.png ... 
2019-08-27 08:55:40 +0000  262 bytes for ./SVProgressHUD.bundle/success.png
copying file ./SVProgressHUD.bundle/angle-mask.png ... 
2019-08-27 08:55:40 +0000  1845 bytes for ./SVProgressHUD.bundle/angle-mask.png
2019-08-27 08:55:40 +0000  copying file ./colors.json ... 
2019-08-27 08:55:40 +0000  139594 bytes for ./colors.json
copying file ./AppIcon20x20@2x~ipad.png ... 
2019-08-27 08:55:40 +0000  3212 bytes for ./AppIcon20x20@2x~ipad.png
2019-08-27 08:55:40 +0000  copying file ./Info.plist ... 
2019-08-27 08:55:40 +0000  3152 bytes for ./Info.plist
copying file ./PkgInfo ... 
2019-08-27 08:55:40 +0000  8 bytes for ./PkgInfo
copying file ./MaterialIcons.ttf ... 
2019-08-27 08:55:40 +0000  128180 bytes for ./MaterialIcons.ttf
2019-08-27 08:55:40 +0000  copying file ./AppIcon76x76~ipad.png ... 
2019-08-27 08:55:40 +0000  9053 bytes for ./AppIcon76x76~ipad.png
2019-08-27 08:55:40 +0000  /usr/bin/ditto exited with 0
2019-08-27 08:55:40 +0000  Processing step: IDEDistributionEmbedProfileStep
2019-08-27 08:55:40 +0000  Processing step: IDEDistributionItemRemovalStep
2019-08-27 08:55:40 +0000  Processing step: IDEDistributionAppThinningPlistStep
2019-08-27 08:55:40 +0000  Skipping step: IDEDistributionAppThinningPlistStep because it said so
2019-08-27 08:55:40 +0000  Processing step: IDEDistributionCompileBitcodeStep
2019-08-27 08:55:40 +0000  Skipping step: IDEDistributionCompileBitcodeStep because it said so
2019-08-27 08:55:40 +0000  Processing step: IDEDistributionCodeSlimmingStep
2019-08-27 08:55:40 +0000  Processing step: IDEDistributionCopyBCSymbolMapsStep
2019-08-27 08:55:40 +0000  Processing step: IDEDistributionSymbolsStep
2019-08-27 08:55:40 +0000  Processing symbols for Today.appex
2019-08-27 08:55:40 +0000  Running /usr/bin/rsync '-8aPhhE' '/var/folders/tm/yrvf975d14z1drx0fy0plyg00000gn/T/XcodeDistPipeline.~~~5zolaC/Root/Payload/appGame58.app/PlugIns/Today.appex' '--link-dest' '/var/folders/tm/yrvf975d14z1drx0fy0plyg00000gn/T/XcodeDistPipeline.~~~5zolaC/Root/Payload/appGame58.app/PlugIns' '/var/folders/tm/yrvf975d14z1drx0fy0plyg00000gn/T/XcodeDistPipeline.~~~5zolaC'
2019-08-27 08:55:40 +0000  building file list ... 
2019-08-27 08:55:40 +0000   0 files...2019-08-27 08:55:40 +0000  6 files to consider
2019-08-27 08:55:40 +0000  Today.appex/
2019-08-27 08:55:40 +0000  Today.appex/_CodeSignature/
2019-08-27 08:55:40 +0000  
sent 237 bytes  received 32 bytes  538.00 bytes/sec
total size is 343.84K  speedup is 1308.91
2019-08-27 08:55:40 +0000  /usr/bin/rsync exited with 0
2019-08-27 08:55:40 +0000  Running /usr/bin/rsync '-8aPhhE' '/Users/hello/Library/Developer/Xcode/Archives/2019-08-27/appGame58 2019-8-27, 4.55 PM.xcarchive/dSYMs/' '--link-dest' '/Users/hello/Library/Developer/Xcode/Archives/2019-08-27/appGame58 2019-8-27, 4.55 PM.xcarchive/dSYMs/' '/var/folders/tm/yrvf975d14z1drx0fy0plyg00000gn/T/XcodeDistPipeline.~~~5zolaC'
2019-08-27 08:55:40 +0000  building file list ... 
2019-08-27 08:55:40 +0000   0 files...2019-08-27 08:55:40 +0000  13 files to consider
2019-08-27 08:55:40 +0000  ./
2019-08-27 08:55:40 +0000  Today.appex.dSYM/
2019-08-27 08:55:40 +0000  Today.appex.dSYM/Contents/
Today.appex.dSYM/Contents/Resources/
Today.appex.dSYM/Contents/Resources/DWARF/
appGame58.app.dSYM/
appGame58.app.dSYM/Contents/
appGame58.app.dSYM/Contents/Resources/
appGame58.app.dSYM/Contents/Resources/DWARF/
2019-08-27 08:55:40 +0000  
sent 435 bytes  received 74 bytes  1018.00 bytes/sec
2019-08-27 08:55:40 +0000  total size is 11.94M  speedup is 24594.09
2019-08-27 08:55:40 +0000  /usr/bin/rsync exited with 0
2019-08-27 08:55:40 +0000  Running /Applications/Xcode.app/Contents/Developer/usr/bin/symbols '-noTextInSOD' '-noDaemon' '-arch' 'all' '-symbolsPackageDir' '/var/folders/tm/yrvf975d14z1drx0fy0plyg00000gn/T/XcodeDistPipeline.~~~5zolaC/Symbols' '/var/folders/tm/yrvf975d14z1drx0fy0plyg00000gn/T/XcodeDistPipeline.~~~5zolaC/Today.appex.dSYM/Contents/Resources/Dwarf/Today'
2019-08-27 08:55:41 +0000  /var/folders/tm/yrvf975d14z1drx0fy0plyg00000gn/T/XcodeDistPipeline.~~~5zolaC/Today.appex.dSYM/Contents/Resources/Dwarf/Today [armv7, 0.028489 seconds]:
/var/folders/tm/yrvf975d14z1drx0fy0plyg00000gn/T/XcodeDistPipeline.~~~5zolaC/Today.appex.dSYM/Contents/Resources/Dwarf/Today [arm64, 0.028489 seconds]:
2019-08-27 08:55:41 +0000  /Applications/Xcode.app/Contents/Developer/usr/bin/symbols exited with 0
2019-08-27 08:55:41 +0000  Processing symbols for appGame58.app
2019-08-27 08:55:41 +0000  Running /usr/bin/rsync '-8aPhhE' '/var/folders/tm/yrvf975d14z1drx0fy0plyg00000gn/T/XcodeDistPipeline.~~~5zolaC/Root/Payload/appGame58.app' '--link-dest' '/var/folders/tm/yrvf975d14z1drx0fy0plyg00000gn/T/XcodeDistPipeline.~~~5zolaC/Root/Payload' '/var/folders/tm/yrvf975d14z1drx0fy0plyg00000gn/T/XcodeDistPipeline.~~~5zolaC'
2019-08-27 08:55:41 +0000  building file list ... 
2019-08-27 08:55:41 +0000   0 files...2019-08-27 08:55:41 +0000   100 files...2019-08-27 08:55:41 +0000  172 files to consider
2019-08-27 08:55:41 +0000  appGame58.app/
2019-08-27 08:55:41 +0000  appGame58.app/IQKeyboardManager.bundle/
appGame58.app/NTESVerifyCodeResources.bundle/
appGame58.app/PlugIns/
2019-08-27 08:55:41 +0000  appGame58.app/PlugIns/Today.appex/
appGame58.app/PlugIns/Today.appex/_CodeSignature/
appGame58.app/SVProgressHUD.bundle/
appGame58.app/UMSocialSDKResources.bundle/
appGame58.app/UMSocialSDKResources.bundle/Buttons/
appGame58.app/UMSocialSDKResources.bundle/UMSocialPlatformTheme/
appGame58.app/UMSocialSDKResources.bundle/UMSocialPlatformTheme/default/
appGame58.app/UMSocialSDKResources.bundle/UMSocialWaterMark/
appGame58.app/UMSocialSDKResources.bundle/en.lproj/
appGame58.app/UMSocialSDKResources.bundle/zh-Hans.lproj/
appGame58.app/_CodeSignature/
appGame58.app/assets/
appGame58.app/assets/app/
appGame58.app/en.lproj/
appGame58.app/zh-Hans.lproj/
2019-08-27 08:55:41 +0000  
2019-08-27 08:55:41 +0000  sent 4.65K bytes  received 134 bytes  9.55K bytes/sec
total size is 42.29M  speedup is 9065.89
2019-08-27 08:55:41 +0000  /usr/bin/rsync exited with 0
2019-08-27 08:55:41 +0000  Running /usr/bin/rsync '-8aPhhE' '/Users/hello/Library/Developer/Xcode/Archives/2019-08-27/appGame58 2019-8-27, 4.55 PM.xcarchive/dSYMs/' '--link-dest' '/Users/hello/Library/Developer/Xcode/Archives/2019-08-27/appGame58 2019-8-27, 4.55 PM.xcarchive/dSYMs/' '/var/folders/tm/yrvf975d14z1drx0fy0plyg00000gn/T/XcodeDistPipeline.~~~5zolaC'
2019-08-27 08:55:41 +0000  building file list ... 
2019-08-27 08:55:41 +0000   0 files...2019-08-27 08:55:41 +0000  13 files to consider
2019-08-27 08:55:41 +0000  ./
2019-08-27 08:55:41 +0000  Today.appex.dSYM/
Today.appex.dSYM/Contents/
Today.appex.dSYM/Contents/Resources/
Today.appex.dSYM/Contents/Resources/DWARF/
appGame58.app.dSYM/
appGame58.app.dSYM/Contents/
appGame58.app.dSYM/Contents/Resources/
appGame58.app.dSYM/Contents/Resources/DWARF/
2019-08-27 08:55:41 +0000  
sent 459 bytes  received 98 bytes  1.09K bytes/sec
total size is 11.94M  speedup is 22474.67
2019-08-27 08:55:41 +0000  /usr/bin/rsync exited with 0
2019-08-27 08:55:41 +0000  Running /Applications/Xcode.app/Contents/Developer/usr/bin/symbols '-noTextInSOD' '-noDaemon' '-arch' 'all' '-symbolsPackageDir' '/var/folders/tm/yrvf975d14z1drx0fy0plyg00000gn/T/XcodeDistPipeline.~~~5zolaC/Symbols' '/var/folders/tm/yrvf975d14z1drx0fy0plyg00000gn/T/XcodeDistPipeline.~~~5zolaC/appGame58.app.dSYM/Contents/Resources/Dwarf/appGame58'
2019-08-27 08:55:42 +0000  /var/folders/tm/yrvf975d14z1drx0fy0plyg00000gn/T/XcodeDistPipeline.~~~5zolaC/appGame58.app.dSYM/Contents/Resources/Dwarf/appGame58 [armv7, 0.261903 seconds]:
/var/folders/tm/yrvf975d14z1drx0fy0plyg00000gn/T/XcodeDistPipeline.~~~5zolaC/appGame58.app.dSYM/Contents/Resources/Dwarf/appGame58 [arm64, 0.261903 seconds]:
2019-08-27 08:55:42 +0000  /Applications/Xcode.app/Contents/Developer/usr/bin/symbols exited with 0
2019-08-27 08:55:42 +0000  Processing step: IDEDistributionCopyAppleProvidedContentStep
2019-08-27 08:55:42 +0000  Processing step: IDEDistributionAppThinningStep
2019-08-27 08:55:42 +0000  Skipping step: IDEDistributionAppThinningStep because it said so
2019-08-27 08:55:42 +0000  Processing step: IDEDistributionArchThinningStep
2019-08-27 08:55:42 +0000  Running /Applications/Xcode.app/Contents/Developer/Toolchains/XcodeDefault.xctoolchain/usr/bin/lipo '/var/folders/tm/yrvf975d14z1drx0fy0plyg00000gn/T/XcodeDistPipeline.~~~5zolaC/Root/Payload/appGame58.app/PlugIns/Today.appex/Today' '-verify_arch' 'arm64e'
2019-08-27 08:55:42 +0000  /Applications/Xcode.app/Contents/Developer/Toolchains/XcodeDefault.xctoolchain/usr/bin/lipo exited with 1
2019-08-27 08:55:42 +0000  Skipping architecture thinning for item "Today" because arch "arm64e" wasn't found
2019-08-27 08:55:42 +0000  Running /Applications/Xcode.app/Contents/Developer/Toolchains/XcodeDefault.xctoolchain/usr/bin/lipo '/var/folders/tm/yrvf975d14z1drx0fy0plyg00000gn/T/XcodeDistPipeline.~~~5zolaC/Root/Payload/appGame58.app/appGame58' '-verify_arch' 'arm64e'
2019-08-27 08:55:42 +0000  /Applications/Xcode.app/Contents/Developer/Toolchains/XcodeDefault.xctoolchain/usr/bin/lipo exited with 1
2019-08-27 08:55:42 +0000  Skipping architecture thinning for item "appGame58" because arch "arm64e" wasn't found
2019-08-27 08:55:42 +0000  Processing step: IDEDistributionODRStep
2019-08-27 08:55:42 +0000  Processing step: IDEDistributionStripXattrsStep
2019-08-27 08:55:42 +0000  Skipping stripping extended attributes of item: <IDEDistributionItem: 0x7fc54b1c4480 'com.baihai.NationalBeauty.Today' '<DVTFilePath:0x7fc54b170b90:'/Users/hello/Library/Developer/Xcode/Archives/2019-08-27/appGame58 2019-8-27, 4.55 PM.xcarchive/Products/Applications/appGame58.app/PlugIns/Today.appex'>'>
2019-08-27 08:55:42 +0000  Running /usr/bin/xattr '-crs' '/var/folders/tm/yrvf975d14z1drx0fy0plyg00000gn/T/XcodeDistPipeline.~~~5zolaC/Root/Payload/appGame58.app'
2019-08-27 08:55:42 +0000  /usr/bin/xattr exited with 0
2019-08-27 08:55:42 +0000  Processing step: IDEDistributionCodesignStep
2019-08-27 08:55:42 +0000  Entitlements for <IDEDistributionItem: 0x7fc54b1c4480 'com.baihai.NationalBeauty.Today' '<DVTFilePath:0x7fc54b170b90:'/Users/hello/Library/Developer/Xcode/Archives/2019-08-27/appGame58 2019-8-27, 4.55 PM.xcarchive/Products/Applications/appGame58.app/PlugIns/Today.appex'>'>: {
    "application-identifier" = "XFUVC9HUP4.com.baihai.NationalBeauty.Today";
    "beta-reports-active" = 1;
    "com.apple.developer.team-identifier" = XFUVC9HUP4;
    "get-task-allow" = 0;
    "keychain-access-groups" =     (
        "XFUVC9HUP4.com.baihai.NationalBeauty.Today"
    );
}
2019-08-27 08:55:42 +0000  Writing entitlements for <IDEDistributionItem: 0x7fc54b1c4480 'com.baihai.NationalBeauty.Today' '<DVTFilePath:0x7fc54b170b90:'/Users/hello/Library/Developer/Xcode/Archives/2019-08-27/appGame58 2019-8-27, 4.55 PM.xcarchive/Products/Applications/appGame58.app/PlugIns/Today.appex'>'> to: /var/folders/tm/yrvf975d14z1drx0fy0plyg00000gn/T/XcodeDistPipeline.~~~5zolaC/entitlements~~~7SM8TD
2019-08-27 08:55:42 +0000  Running /usr/bin/codesign '-vvv' '--force' '--sign' '9E761FD6B2C1E8AC284131340030026A6FACC377' '--entitlements' '/var/folders/tm/yrvf975d14z1drx0fy0plyg00000gn/T/XcodeDistPipeline.~~~5zolaC/entitlements~~~7SM8TD' '--preserve-metadata=identifier,flags,runtime' '/var/folders/tm/yrvf975d14z1drx0fy0plyg00000gn/T/XcodeDistPipeline.~~~5zolaC/Root/Payload/appGame58.app/PlugIns/Today.appex'
2019-08-27 08:55:49 +0000  /var/folders/tm/yrvf975d14z1drx0fy0plyg00000gn/T/XcodeDistPipeline.~~~5zolaC/Root/Payload/appGame58.app/PlugIns/Today.appex: signed bundle with Mach-O universal (armv7 arm64) [com.baihai.NationalBeauty.Today]
2019-08-27 08:55:49 +0000  /usr/bin/codesign exited with 0
2019-08-27 08:55:49 +0000  Entitlements for <IDEDistributionItem: 0x7fc54b1c6470 'com.baihai.NationalBeauty' '<DVTFilePath:0x7fc54a597c60:'/Users/hello/Library/Developer/Xcode/Archives/2019-08-27/appGame58 2019-8-27, 4.55 PM.xcarchive/Products/Applications/appGame58.app'>'>: {
    "application-identifier" = "XFUVC9HUP4.com.baihai.NationalBeauty";
    "aps-environment" = production;
    "beta-reports-active" = 1;
    "com.apple.developer.associated-domains" =     (
        "applinks:gh605t.openinstall.io"
    );
    "com.apple.developer.team-identifier" = XFUVC9HUP4;
    "get-task-allow" = 0;
}
2019-08-27 08:55:49 +0000  Writing entitlements for <IDEDistributionItem: 0x7fc54b1c6470 'com.baihai.NationalBeauty' '<DVTFilePath:0x7fc54a597c60:'/Users/hello/Library/Developer/Xcode/Archives/2019-08-27/appGame58 2019-8-27, 4.55 PM.xcarchive/Products/Applications/appGame58.app'>'> to: /var/folders/tm/yrvf975d14z1drx0fy0plyg00000gn/T/XcodeDistPipeline.~~~5zolaC/entitlements~~~71hpWN
2019-08-27 08:55:49 +0000  Running /usr/bin/codesign '-vvv' '--force' '--sign' '9E761FD6B2C1E8AC284131340030026A6FACC377' '--entitlements' '/var/folders/tm/yrvf975d14z1drx0fy0plyg00000gn/T/XcodeDistPipeline.~~~5zolaC/entitlements~~~71hpWN' '--preserve-metadata=identifier,flags,runtime' '/var/folders/tm/yrvf975d14z1drx0fy0plyg00000gn/T/XcodeDistPipeline.~~~5zolaC/Root/Payload/appGame58.app'
2019-08-27 08:55:49 +0000  /var/folders/tm/yrvf975d14z1drx0fy0plyg00000gn/T/XcodeDistPipeline.~~~5zolaC/Root/Payload/appGame58.app: replacing existing signature
2019-08-27 08:55:54 +0000  /var/folders/tm/yrvf975d14z1drx0fy0plyg00000gn/T/XcodeDistPipeline.~~~5zolaC/Root/Payload/appGame58.app: signed app bundle with Mach-O universal (armv7 arm64) [com.baihai.NationalBeauty]
2019-08-27 08:55:54 +0000  /usr/bin/codesign exited with 0
2019-08-27 08:55:54 +0000  Processing step: IDEDistributionZipODRItemStep
2019-08-27 08:55:54 +0000  Skipping step: IDEDistributionZipODRItemStep because it said so
2019-08-27 08:55:54 +0000  Skipping step: IDEDistributionZipODRItemStep because it said so
2019-08-27 08:55:54 +0000  Processing step: IDEDistributionCreateIPAStep
2019-08-27 08:55:54 +0000  Running /usr/bin/rsync '-8aPhhE' '/var/folders/tm/yrvf975d14z1drx0fy0plyg00000gn/T/XcodeDistPipeline.~~~5zolaC/Symbols' '--link-dest' '/var/folders/tm/yrvf975d14z1drx0fy0plyg00000gn/T/XcodeDistPipeline.~~~5zolaC' '/var/folders/tm/yrvf975d14z1drx0fy0plyg00000gn/T/XcodeDistPipeline.~~~5zolaC/Root'
2019-08-27 08:55:54 +0000  building file list ... 
2019-08-27 08:55:54 +0000   0 files...2019-08-27 08:55:54 +0000  5 files to consider
2019-08-27 08:55:54 +0000  Symbols/
2019-08-27 08:55:54 +0000  
sent 314 bytes  received 26 bytes  680.00 bytes/sec
total size is 7.07M  speedup is 21799.15
2019-08-27 08:55:54 +0000  /usr/bin/rsync exited with 0
2019-08-27 08:55:54 +0000  Running /usr/bin/ditto '-V' '-c' '-k' '--norsrc' '/var/folders/tm/yrvf975d14z1drx0fy0plyg00000gn/T/XcodeDistPipeline.~~~5zolaC/Root' '/var/folders/tm/yrvf975d14z1drx0fy0plyg00000gn/T/XcodeDistPipeline.~~~5zolaC/Packages/appGame58.ipa'
2019-08-27 08:55:54 +0000  >>> Copying /var/folders/tm/yrvf975d14z1drx0fy0plyg00000gn/T/XcodeDistPipeline.~~~5zolaC/Root 
2019-08-27 08:55:54 +0000  copying file ./Payload/appGame58.app/_CodeSignature/CodeResources ... 
2019-08-27 08:55:54 +0000  54125 bytes for ./Payload/appGame58.app/_CodeSignature/CodeResources
2019-08-27 08:55:54 +0000  copying file ./Payload/appGame58.app/antfill.ttf ... 
2019-08-27 08:55:54 +0000  47112 bytes for ./Payload/appGame58.app/antfill.ttf
copying file ./Payload/appGame58.app/Octicons.ttf ... 
2019-08-27 08:55:54 +0000  27520 bytes for ./Payload/appGame58.app/Octicons.ttf
2019-08-27 08:55:54 +0000  copying file ./Payload/appGame58.app/Feather.ttf ... 
2019-08-27 08:55:54 +0000  55288 bytes for ./Payload/appGame58.app/Feather.ttf
2019-08-27 08:55:54 +0000  copying file ./Payload/appGame58.app/zh-Hans.lproj/Localizable.strings ... 
357 bytes for ./Payload/appGame58.app/zh-Hans.lproj/Localizable.strings
copying file ./Payload/appGame58.app/zh-Hans.lproj/InfoPlist.strings ... 
2019-08-27 08:55:54 +0000  73 bytes for ./Payload/appGame58.app/zh-Hans.lproj/InfoPlist.strings
copying file ./Payload/appGame58.app/LaunchImage-1100-Portrait-2436h@3x.png ... 
2019-08-27 08:55:54 +0000  211016 bytes for ./Payload/appGame58.app/LaunchImage-1100-Portrait-2436h@3x.png
copying file ./Payload/appGame58.app/appGame58 ... 
2019-08-27 08:55:54 +0000  11879248 bytes for ./Payload/appGame58.app/appGame58
copying file ./Payload/appGame58.app/Roboto_medium.ttf ... 
2019-08-27 08:55:54 +0000  137308 bytes for ./Payload/appGame58.app/Roboto_medium.ttf
copying file ./Payload/appGame58.app/AppIcon20x20@2x.png ... 
2019-08-27 08:55:54 +0000  3212 bytes for ./Payload/appGame58.app/AppIcon20x20@2x.png
copying file ./Payload/appGame58.app/en.lproj/Localizable.strings ... 
2019-08-27 08:55:54 +0000  316 bytes for ./Payload/appGame58.app/en.lproj/Localizable.strings
copying file ./Payload/appGame58.app/en.lproj/InfoPlist.strings ... 
83 bytes for ./Payload/appGame58.app/en.lproj/InfoPlist.strings
copying file ./Payload/appGame58.app/AppIcon57x57.png ... 
2019-08-27 08:55:54 +0000  5543 bytes for ./Payload/appGame58.app/AppIcon57x57.png
copying file ./Payload/appGame58.app/Entypo.ttf ... 
2019-08-27 08:55:54 +0000  65584 bytes for ./Payload/appGame58.app/Entypo.ttf
copying file ./Payload/appGame58.app/AppIcon20x20@3x.png ... 
2019-08-27 08:55:54 +0000  5968 bytes for ./Payload/appGame58.app/AppIcon20x20@3x.png
2019-08-27 08:55:54 +0000  copying file ./Payload/appGame58.app/antoutline.ttf ... 
2019-08-27 08:55:54 +0000  92180 bytes for ./Payload/appGame58.app/antoutline.ttf
copying file ./Payload/appGame58.app/FontAwesome5_Brands.ttf ... 
2019-08-27 08:55:54 +0000  126192 bytes for ./Payload/appGame58.app/FontAwesome5_Brands.ttf
copying file ./Payload/appGame58.app/AppIcon29x29.png ... 
2019-08-27 08:55:54 +0000  1957 bytes for ./Payload/appGame58.app/AppIcon29x29.png
copying file ./Payload/appGame58.app/MaterialCommunityIcons.ttf ... 
2019-08-27 08:55:54 +0000  322456 bytes for ./Payload/appGame58.app/MaterialCommunityIcons.ttf
2019-08-27 08:55:54 +0000  copying file ./Payload/appGame58.app/UMSocialSDKResources.bundle/UMSocialWaterMark/umsocial_defaultwatermark.png ... 
2019-08-27 08:55:54 +0000  3003 bytes for ./Payload/appGame58.app/UMSocialSDKResources.bundle/UMSocialWaterMark/umsocial_defaultwatermark.png
2019-08-27 08:55:54 +0000  copying file ./Payload/appGame58.app/UMSocialSDKResources.bundle/zh-Hans.lproj/UMSocialLocalizable.strings ... 
2019-08-27 08:55:54 +0000  6740 bytes for ./Payload/appGame58.app/UMSocialSDKResources.bundle/zh-Hans.lproj/UMSocialLocalizable.strings
2019-08-27 08:55:54 +0000  copying file ./Payload/appGame58.app/UMSocialSDKResources.bundle/en.lproj/UMSocialLocalizable.strings ... 
2019-08-27 08:55:54 +0000  6554 bytes for ./Payload/appGame58.app/UMSocialSDKResources.bundle/en.lproj/UMSocialLocalizable.strings
2019-08-27 08:55:54 +0000  copying file ./Payload/appGame58.app/UMSocialSDKResources.bundle/Buttons/UMS_nav_button_close@2x.png ... 
500 bytes for ./Payload/appGame58.app/UMSocialSDKResources.bundle/Buttons/UMS_nav_button_close@2x.png
copying file ./Payload/appGame58.app/UMSocialSDKResources.bundle/Buttons/UMS_url_image@2x.png ... 
2019-08-27 08:55:54 +0000  1562 bytes for ./Payload/appGame58.app/UMSocialSDKResources.bundle/Buttons/UMS_url_image@2x.png
copying file ./Payload/appGame58.app/UMSocialSDKResources.bundle/Buttons/UMS_url_music@2x.png ... 
2019-08-27 08:55:54 +0000  1771 bytes for ./Payload/appGame58.app/UMSocialSDKResources.bundle/Buttons/UMS_url_music@2x.png
copying file ./Payload/appGame58.app/UMSocialSDKResources.bundle/Buttons/UMS_add_friend_off@2x.png ... 
134 bytes for ./Payload/appGame58.app/UMSocialSDKResources.bundle/Buttons/UMS_add_friend_off@2x.png
copying file ./Payload/appGame58.app/UMSocialSDKResources.bundle/Buttons/UMS_delete_image_button_normal@2x.png ... 
2019-08-27 08:55:54 +0000  891 bytes for ./Payload/appGame58.app/UMSocialSDKResources.bundle/Buttons/UMS_delete_image_button_normal@2x.png
copying file ./Payload/appGame58.app/UMSocialSDKResources.bundle/Buttons/UMS_nav_button_send@2x.png ... 
2019-08-27 08:55:54 +0000  1624 bytes for ./Payload/appGame58.app/UMSocialSDKResources.bundle/Buttons/UMS_nav_button_send@2x.png
copying file ./Payload/appGame58.app/UMSocialSDKResources.bundle/Buttons/UMS_url_video@2x.png ... 
2019-08-27 08:55:54 +0000  2062 bytes for ./Payload/appGame58.app/UMSocialSDKResources.bundle/Buttons/UMS_url_video@2x.png
copying file ./Payload/appGame58.app/UMSocialSDKResources.bundle/UMSocialPlatformTheme/default/umsocial_renren.png ... 
2019-08-27 08:55:54 +0000  1529 bytes for ./Payload/appGame58.app/UMSocialSDKResources.bundle/UMSocialPlatformTheme/default/umsocial_renren.png
copying file ./Payload/appGame58.app/UMSocialSDKResources.bundle/UMSocialPlatformTheme/default/umsocial_default.png ... 
2019-08-27 08:55:54 +0000  4203 bytes for ./Payload/appGame58.app/UMSocialSDKResources.bundle/UMSocialPlatformTheme/default/umsocial_default.png
copying file ./Payload/appGame58.app/UMSocialSDKResources.bundle/UMSocialPlatformTheme/default/umsocial_pinterest.png ... 
2019-08-27 08:55:54 +0000  1987 bytes for ./Payload/appGame58.app/UMSocialSDKResources.bundle/UMSocialPlatformTheme/default/umsocial_pinterest.png
copying file ./Payload/appGame58.app/UMSocialSDKResources.bundle/UMSocialPlatformTheme/default/umsocial_alipay.png ... 
1370 bytes for ./Payload/appGame58.app/UMSocialSDKResources.bundle/UMSocialPlatformTheme/default/umsocial_alipay.png
copying file ./Payload/appGame58.app/UMSocialSDKResources.bundle/UMSocialPlatformTheme/default/umsocial_yixin_session.png ... 
2019-08-27 08:55:54 +0000  1833 bytes for ./Payload/appGame58.app/UMSocialSDKResources.bundle/UMSocialPlatformTheme/default/umsocial_yixin_session.png
copying file ./Payload/appGame58.app/UMSocialSDKResources.bundle/UMSocialPlatformTheme/default/umsocial_vkontakte.png ... 
2019-08-27 08:55:54 +0000  1867 bytes for ./Payload/appGame58.app/UMSocialSDKResources.bundle/UMSocialPlatformTheme/default/umsocial_vkontakte.png
copying file ./Payload/appGame58.app/UMSocialSDKResources.bundle/UMSocialPlatformTheme/default/umsocial_tim.png ... 
2597 bytes for ./Payload/appGame58.app/UMSocialSDKResources.bundle/UMSocialPlatformTheme/default/umsocial_tim.png
2019-08-27 08:55:54 +0000  copying file ./Payload/appGame58.app/UMSocialSDKResources.bundle/UMSocialPlatformTheme/default/umsocial_lw_session.png ... 
2391 bytes for ./Payload/appGame58.app/UMSocialSDKResources.bundle/UMSocialPlatformTheme/default/umsocial_lw_session.png
copying file ./Payload/appGame58.app/UMSocialSDKResources.bundle/UMSocialPlatformTheme/default/umsocial_linkedin.png ... 
2019-08-27 08:55:54 +0000  1637 bytes for ./Payload/appGame58.app/UMSocialSDKResources.bundle/UMSocialPlatformTheme/default/umsocial_linkedin.png
copying file ./Payload/appGame58.app/UMSocialSDKResources.bundle/UMSocialPlatformTheme/default/umsocial_yixin_favorite.png ... 
2019-08-27 08:55:54 +0000  4145 bytes for ./Payload/appGame58.app/UMSocialSDKResources.bundle/UMSocialPlatformTheme/default/umsocial_yixin_favorite.png
copying file ./Payload/appGame58.app/UMSocialSDKResources.bundle/UMSocialPlatformTheme/default/umsocial_youdaonote.png ... 
1158 bytes for ./Payload/appGame58.app/UMSocialSDKResources.bundle/UMSocialPlatformTheme/default/umsocial_youdaonote.png
copying file ./Payload/appGame58.app/UMSocialSDKResources.bundle/UMSocialPlatformTheme/default/umsocial_flickr.png ... 
2019-08-27 08:55:54 +0000  979 bytes for ./Payload/appGame58.app/UMSocialSDKResources.bundle/UMSocialPlatformTheme/default/umsocial_flickr.png
copying file ./Payload/appGame58.app/UMSocialSDKResources.bundle/UMSocialPlatformTheme/default/umsocial_line.png ... 
2019-08-27 08:55:54 +0000  1720 bytes for ./Payload/appGame58.app/UMSocialSDKResources.bundle/UMSocialPlatformTheme/default/umsocial_line.png
copying file ./Payload/appGame58.app/UMSocialSDKResources.bundle/UMSocialPlatformTheme/default/umsocial_email.png ... 
1211 bytes for ./Payload/appGame58.app/UMSocialSDKResources.bundle/UMSocialPlatformTheme/default/umsocial_email.png
2019-08-27 08:55:54 +0000  copying file ./Payload/appGame58.app/UMSocialSDKResources.bundle/UMSocialPlatformTheme/default/umsocial_sms.png ... 
1127 bytes for ./Payload/appGame58.app/UMSocialSDKResources.bundle/UMSocialPlatformTheme/default/umsocial_sms.png
copying file ./Payload/appGame58.app/UMSocialSDKResources.bundle/UMSocialPlatformTheme/default/umsocial_evernote.png ... 
2019-08-27 08:55:54 +0000  1267 bytes for ./Payload/appGame58.app/UMSocialSDKResources.bundle/UMSocialPlatformTheme/default/umsocial_evernote.png
copying file ./Payload/appGame58.app/UMSocialSDKResources.bundle/UMSocialPlatformTheme/default/umsocial_twitter.png ... 
2019-08-27 08:55:54 +0000  1442 bytes for ./Payload/appGame58.app/UMSocialSDKResources.bundle/UMSocialPlatformTheme/default/umsocial_twitter.png
copying file ./Payload/appGame58.app/UMSocialSDKResources.bundle/UMSocialPlatformTheme/default/umsocial_whatsapp.png ... 
2019-08-27 08:55:54 +0000  1832 bytes for ./Payload/appGame58.app/UMSocialSDKResources.bundle/UMSocialPlatformTheme/default/umsocial_whatsapp.png
copying file ./Payload/appGame58.app/UMSocialSDKResources.bundle/UMSocialPlatformTheme/default/umsocial_googleplus.png ... 
2019-08-27 08:55:54 +0000  2320 bytes for ./Payload/appGame58.app/UMSocialSDKResources.bundle/UMSocialPlatformTheme/default/umsocial_googleplus.png
copying file ./Payload/appGame58.app/UMSocialSDKResources.bundle/UMSocialPlatformTheme/default/umsocial_douban.png ... 
2019-08-27 08:55:54 +0000  813 bytes for ./Payload/appGame58.app/UMSocialSDKResources.bundle/UMSocialPlatformTheme/default/umsocial_douban.png
copying file ./Payload/appGame58.app/UMSocialSDKResources.bundle/UMSocialPlatformTheme/default/umsocial_lw_timeline.png ... 
2019-08-27 08:55:54 +0000  1139 bytes for ./Payload/appGame58.app/UMSocialSDKResources.bundle/UMSocialPlatformTheme/default/umsocial_lw_timeline.png
copying file ./Payload/appGame58.app/UMSocialSDKResources.bundle/UMSocialPlatformTheme/default/umsocial_facebook.png ... 
2019-08-27 08:55:54 +0000  1468 bytes for ./Payload/appGame58.app/UMSocialSDKResources.bundle/UMSocialPlatformTheme/default/umsocial_facebook.png
copying file ./Payload/appGame58.app/UMSocialSDKResources.bundle/UMSocialPlatformTheme/default/umsocial_dingding.png ... 
2019-08-27 08:55:54 +0000  1390 bytes for ./Payload/appGame58.app/UMSocialSDKResources.bundle/UMSocialPlatformTheme/default/umsocial_dingding.png
copying file ./Payload/appGame58.app/UMSocialSDKResources.bundle/UMSocialPlatformTheme/default/umsocial_wechat.png ... 
1628 bytes for ./Payload/appGame58.app/UMSocialSDKResources.bundle/UMSocialPlatformTheme/default/umsocial_wechat.png
copying file ./Payload/appGame58.app/UMSocialSDKResources.bundle/UMSocialPlatformTheme/default/umsocial_yixin_timeline.png ... 
2019-08-27 08:55:54 +0000  2199 bytes for ./Payload/appGame58.app/UMSocialSDKResources.bundle/UMSocialPlatformTheme/default/umsocial_yixin_timeline.png
copying file ./Payload/appGame58.app/UMSocialSDKResources.bundle/UMSocialPlatformTheme/default/umsocial_dropbox.png ... 
2019-08-27 08:55:54 +0000  1692 bytes for ./Payload/appGame58.app/UMSocialSDKResources.bundle/UMSocialPlatformTheme/default/umsocial_dropbox.png
copying file ./Payload/appGame58.app/UMSocialSDKResources.bundle/UMSocialPlatformTheme/default/umsocial_pocket.png ... 
2019-08-27 08:55:54 +0000  1405 bytes for ./Payload/appGame58.app/UMSocialSDKResources.bundle/UMSocialPlatformTheme/default/umsocial_pocket.png
copying file ./Payload/appGame58.app/UMSocialSDKResources.bundle/UMSocialPlatformTheme/default/umsocial_wechat_timeline.png ... 
2019-08-27 08:55:54 +0000  1506 bytes for ./Payload/appGame58.app/UMSocialSDKResources.bundle/UMSocialPlatformTheme/default/umsocial_wechat_timeline.png
copying file ./Payload/appGame58.app/UMSocialSDKResources.bundle/UMSocialPlatformTheme/default/umsocial_tencentWB.png ... 
2019-08-27 08:55:54 +0000  1943 bytes for ./Payload/appGame58.app/UMSocialSDKResources.bundle/UMSocialPlatformTheme/default/umsocial_tencentWB.png
copying file ./Payload/appGame58.app/UMSocialSDKResources.bundle/UMSocialPlatformTheme/default/umsocial_wechat_favorite.png ... 
1179 bytes for ./Payload/appGame58.app/UMSocialSDKResources.bundle/UMSocialPlatformTheme/default/umsocial_wechat_favorite.png
2019-08-27 08:55:54 +0000  copying file ./Payload/appGame58.app/UMSocialSDKResources.bundle/UMSocialPlatformTheme/default/umsocial_sina.png ... 
2581 bytes for ./Payload/appGame58.app/UMSocialSDKResources.bundle/UMSocialPlatformTheme/default/umsocial_sina.png
copying file ./Payload/appGame58.app/UMSocialSDKResources.bundle/UMSocialPlatformTheme/default/umsocial_tumblr.png ... 
2019-08-27 08:55:54 +0000  1564 bytes for ./Payload/appGame58.app/UMSocialSDKResources.bundle/UMSocialPlatformTheme/default/umsocial_tumblr.png
copying file ./Payload/appGame58.app/UMSocialSDKResources.bundle/UMSocialPlatformTheme/default/umsocial_kakaoTalk.png ... 
2019-08-27 08:55:54 +0000  1893 bytes for ./Payload/appGame58.app/UMSocialSDKResources.bundle/UMSocialPlatformTheme/default/umsocial_kakaoTalk.png
2019-08-27 08:55:54 +0000  copying file ./Payload/appGame58.app/UMSocialSDKResources.bundle/UMSocialPlatformTheme/default/umsocial_facebookmessenger.png ... 
1749 bytes for ./Payload/appGame58.app/UMSocialSDKResources.bundle/UMSocialPlatformTheme/default/umsocial_facebookmessenger.png
copying file ./Payload/appGame58.app/UMSocialSDKResources.bundle/UMSocialPlatformTheme/default/umsocial_qzone.png ... 
2019-08-27 08:55:54 +0000  2083 bytes for ./Payload/appGame58.app/UMSocialSDKResources.bundle/UMSocialPlatformTheme/default/umsocial_qzone.png
copying file ./Payload/appGame58.app/UMSocialSDKResources.bundle/UMSocialPlatformTheme/default/umsocial_qq.png ... 
2019-08-27 08:55:54 +0000  3505 bytes for ./Payload/appGame58.app/UMSocialSDKResources.bundle/UMSocialPlatformTheme/default/umsocial_qq.png
copying file ./Payload/appGame58.app/UMSocialSDKResources.bundle/UMSocialPlatformTheme/default/umsocial_instagram.png ... 
2019-08-27 08:55:54 +0000  1952 bytes for ./Payload/appGame58.app/UMSocialSDKResources.bundle/UMSocialPlatformTheme/default/umsocial_instagram.png
2019-08-27 08:55:54 +0000  copying file ./Payload/appGame58.app/PlugIns/Today.appex/_CodeSignature/CodeResources ... 
2112 bytes for ./Payload/appGame58.app/PlugIns/Today.appex/_CodeSignature/CodeResources
copying file ./Payload/appGame58.app/PlugIns/Today.appex/Today ... 
2019-08-27 08:55:54 +0000  394032 bytes for ./Payload/appGame58.app/PlugIns/Today.appex/Today
copying file ./Payload/appGame58.app/PlugIns/Today.appex/embedded.mobileprovision ... 
2019-08-27 08:55:54 +0000  9451 bytes for ./Payload/appGame58.app/PlugIns/Today.appex/embedded.mobileprovision
2019-08-27 08:55:54 +0000  copying file ./Payload/appGame58.app/PlugIns/Today.appex/Info.plist ... 
869 bytes for ./Payload/appGame58.app/PlugIns/Today.appex/Info.plist
copying file ./Payload/appGame58.app/AppIcon60x60@2x.png ... 
2019-08-27 08:55:54 +0000  19053 bytes for ./Payload/appGame58.app/AppIcon60x60@2x.png
2019-08-27 08:55:54 +0000  copying file ./Payload/appGame58.app/IQKeyboardManager.bundle/IQButtonBarArrowRight@2x.png ... 
1786 bytes for ./Payload/appGame58.app/IQKeyboardManager.bundle/IQButtonBarArrowRight@2x.png
copying file ./Payload/appGame58.app/IQKeyboardManager.bundle/IQButtonBarArrowUp@3x.png ... 
2019-08-27 08:55:54 +0000  2164 bytes for ./Payload/appGame58.app/IQKeyboardManager.bundle/IQButtonBarArrowUp@3x.png
copying file ./Payload/appGame58.app/IQKeyboardManager.bundle/IQButtonBarArrowUp@2x.png ... 
2019-08-27 08:55:54 +0000  1769 bytes for ./Payload/appGame58.app/IQKeyboardManager.bundle/IQButtonBarArrowUp@2x.png
copying file ./Payload/appGame58.app/IQKeyboardManager.bundle/IQButtonBarArrowRight@3x.png ... 
2019-08-27 08:55:54 +0000  1844 bytes for ./Payload/appGame58.app/IQKeyboardManager.bundle/IQButtonBarArrowRight@3x.png
copying file ./Payload/appGame58.app/IQKeyboardManager.bundle/IQButtonBarArrowLeft@3x.png ... 
2019-08-27 08:55:54 +0000  1815 bytes for ./Payload/appGame58.app/IQKeyboardManager.bundle/IQButtonBarArrowLeft@3x.png
copying file ./Payload/appGame58.app/IQKeyboardManager.bundle/IQButtonBarArrowDown@3x.png ... 
2177 bytes for ./Payload/appGame58.app/IQKeyboardManager.bundle/IQButtonBarArrowDown@3x.png
2019-08-27 08:55:54 +0000  copying file ./Payload/appGame58.app/IQKeyboardManager.bundle/IQButtonBarArrowDown@2x.png ... 
1764 bytes for ./Payload/appGame58.app/IQKeyboardManager.bundle/IQButtonBarArrowDown@2x.png
2019-08-27 08:55:54 +0000  copying file ./Payload/appGame58.app/IQKeyboardManager.bundle/IQButtonBarArrowLeft@2x.png ... 
1793 bytes for ./Payload/appGame58.app/IQKeyboardManager.bundle/IQButtonBarArrowLeft@2x.png
copying file ./Payload/appGame58.app/AppIcon72x72@2x~ipad.png ... 
2019-08-27 08:55:54 +0000  25954 bytes for ./Payload/appGame58.app/AppIcon72x72@2x~ipad.png
copying file ./Payload/appGame58.app/AppIcon29x29@2x.png ... 
2019-08-27 08:55:54 +0000  5674 bytes for ./Payload/appGame58.app/AppIcon29x29@2x.png
copying file ./Payload/appGame58.app/AntDesign.ttf ... 
2019-08-27 08:55:54 +0000  70344 bytes for ./Payload/appGame58.app/AntDesign.ttf
copying file ./Payload/appGame58.app/LaunchImage-800-667h@2x.png ... 
2019-08-27 08:55:54 +0000  104383 bytes for ./Payload/appGame58.app/LaunchImage-800-667h@2x.png
copying file ./Payload/appGame58.app/AppIcon40x40@3x.png ... 
2019-08-27 08:55:54 +0000  19053 bytes for ./Payload/appGame58.app/AppIcon40x40@3x.png
copying file ./Payload/appGame58.app/AppIcon57x57@2x.png ... 
2019-08-27 08:55:54 +0000  17523 bytes for ./Payload/appGame58.app/AppIcon57x57@2x.png
copying file ./Payload/appGame58.app/Foundation.ttf ... 
2019-08-27 08:55:54 +0000  56976 bytes for ./Payload/appGame58.app/Foundation.ttf
copying file ./Payload/appGame58.app/AppIcon29x29~ipad.png ... 
2019-08-27 08:55:54 +0000  1957 bytes for ./Payload/appGame58.app/AppIcon29x29~ipad.png
copying file ./Payload/appGame58.app/Ionicons.ttf ... 
2019-08-27 08:55:54 +0000  143936 bytes for ./Payload/appGame58.app/Ionicons.ttf
copying file ./Payload/appGame58.app/FontAwesome5_Solid.ttf ... 
2019-08-27 08:55:54 +0000  196952 bytes for ./Payload/appGame58.app/FontAwesome5_Solid.ttf
copying file ./Payload/appGame58.app/AppIcon40x40@2x.png ... 
2019-08-27 08:55:54 +0000  9790 bytes for ./Payload/appGame58.app/AppIcon40x40@2x.png
2019-08-27 08:55:54 +0000  copying file ./Payload/appGame58.app/FontAwesome5_Regular.ttf ... 
2019-08-27 08:55:54 +0000  40232 bytes for ./Payload/appGame58.app/FontAwesome5_Regular.ttf
copying file ./Payload/appGame58.app/LaunchImage-1200-Portrait-2688h@3x.png ... 
2019-08-27 08:55:54 +0000  238269 bytes for ./Payload/appGame58.app/LaunchImage-1200-Portrait-2688h@3x.png
copying file ./Payload/appGame58.app/AppIcon29x29@3x.png ... 
2019-08-27 08:55:54 +0000  11313 bytes for ./Payload/appGame58.app/AppIcon29x29@3x.png
copying file ./Payload/appGame58.app/AppIcon60x60@3x.png ... 
2019-08-27 08:55:54 +0000  37908 bytes for ./Payload/appGame58.app/AppIcon60x60@3x.png
copying file ./Payload/appGame58.app/rubicon-icon-font.ttf ... 
2019-08-27 08:55:54 +0000  10208 bytes for ./Payload/appGame58.app/rubicon-icon-font.ttf
copying file ./Payload/appGame58.app/FontAwesome.ttf ... 
2019-08-27 08:55:54 +0000  165548 bytes for ./Payload/appGame58.app/FontAwesome.ttf
copying file ./Payload/appGame58.app/background.png ... 
2019-08-27 08:55:54 +0000  1502483 bytes for ./Payload/appGame58.app/background.png
copying file ./Payload/appGame58.app/I.Ming-6.00.ttf ... 
2019-08-27 08:55:55 +0000  24983016 bytes for ./Payload/appGame58.app/I.Ming-6.00.ttf
copying file ./Payload/appGame58.app/Zocial.ttf ... 
2019-08-27 08:55:55 +0000  25552 bytes for ./Payload/appGame58.app/Zocial.ttf
copying file ./Payload/appGame58.app/Roboto.ttf ... 
2019-08-27 08:55:55 +0000  145348 bytes for ./Payload/appGame58.app/Roboto.ttf
copying file ./Payload/appGame58.app/Assets.car ... 
2019-08-27 08:55:55 +0000  1350104 bytes for ./Payload/appGame58.app/Assets.car
copying file ./Payload/appGame58.app/AppIcon40x40@2x~ipad.png ... 
2019-08-27 08:55:55 +0000  9790 bytes for ./Payload/appGame58.app/AppIcon40x40@2x~ipad.png
copying file ./Payload/appGame58.app/EvilIcons.ttf ... 
13128 bytes for ./Payload/appGame58.app/EvilIcons.ttf
copying file ./Payload/appGame58.app/AppIcon76x76@2x~ipad.png ... 
28518 bytes for ./Payload/appGame58.app/AppIcon76x76@2x~ipad.png
copying file ./Payload/appGame58.app/LaunchImage-800-Portrait-736h@3x.png ... 
2019-08-27 08:55:55 +0000  234312 bytes for ./Payload/appGame58.app/LaunchImage-800-Portrait-736h@3x.png
copying file ./Payload/appGame58.app/AppIcon72x72~ipad.png ... 
2019-08-27 08:55:55 +0000  8391 bytes for ./Payload/appGame58.app/AppIcon72x72~ipad.png
copying file ./Payload/appGame58.app/main.jsbundle ... 
2019-08-27 08:55:55 +0000  654383 bytes for ./Payload/appGame58.app/main.jsbundle
copying file ./Payload/appGame58.app/AppIcon83.5x83.5@2x~ipad.png ... 
2019-08-27 08:55:55 +0000  33350 bytes for ./Payload/appGame58.app/AppIcon83.5x83.5@2x~ipad.png
copying file ./Payload/appGame58.app/LaunchImage-1200-Portrait-1792h@2x.png ... 
2019-08-27 08:55:55 +0000  125592 bytes for ./Payload/appGame58.app/LaunchImage-1200-Portrait-1792h@2x.png
copying file ./Payload/appGame58.app/AppIcon50x50~ipad.png ... 
2019-08-27 08:55:55 +0000  4638 bytes for ./Payload/appGame58.app/AppIcon50x50~ipad.png
copying file ./Payload/appGame58.app/AppIcon29x29@2x~ipad.png ... 
2019-08-27 08:55:55 +0000  5674 bytes for ./Payload/appGame58.app/AppIcon29x29@2x~ipad.png
copying file ./Payload/appGame58.app/AppIcon50x50@2x~ipad.png ... 
2019-08-27 08:55:55 +0000  14221 bytes for ./Payload/appGame58.app/AppIcon50x50@2x~ipad.png
copying file ./Payload/appGame58.app/AppIcon40x40~ipad.png ... 
2019-08-27 08:55:55 +0000  3212 bytes for ./Payload/appGame58.app/AppIcon40x40~ipad.png
2019-08-27 08:55:55 +0000  copying file ./Payload/appGame58.app/NTESVerifyCodeResources.bundle/mobile.v2.11.4.html ... 
2019-08-27 08:55:55 +0000  34863 bytes for ./Payload/appGame58.app/NTESVerifyCodeResources.bundle/mobile.v2.11.4.html
copying file ./Payload/appGame58.app/NTESVerifyCodeResources.bundle/ico_loading@1x.png ... 
2019-08-27 08:55:55 +0000  553 bytes for ./Payload/appGame58.app/NTESVerifyCodeResources.bundle/ico_loading@1x.png
copying file ./Payload/appGame58.app/NTESVerifyCodeResources.bundle/ico_error@1x.png ... 
2019-08-27 08:55:55 +0000  272 bytes for ./Payload/appGame58.app/NTESVerifyCodeResources.bundle/ico_error@1x.png
copying file ./Payload/appGame58.app/NTESVerifyCodeResources.bundle/Rectangle@2x.png ... 
2296 bytes for ./Payload/appGame58.app/NTESVerifyCodeResources.bundle/Rectangle@2x.png
2019-08-27 08:55:55 +0000  copying file ./Payload/appGame58.app/NTESVerifyCodeResources.bundle/Rectangle@3x.png ... 
4168 bytes for ./Payload/appGame58.app/NTESVerifyCodeResources.bundle/Rectangle@3x.png
copying file ./Payload/appGame58.app/NTESVerifyCodeResources.bundle/bg@1x.png ... 
2019-08-27 08:55:55 +0000  7243 bytes for ./Payload/appGame58.app/NTESVerifyCodeResources.bundle/bg@1x.png
copying file ./Payload/appGame58.app/NTESVerifyCodeResources.bundle/loading.gif ... 
2019-08-27 08:55:55 +0000  12209 bytes for ./Payload/appGame58.app/NTESVerifyCodeResources.bundle/loading.gif
2019-08-27 08:55:55 +0000  copying file ./Payload/appGame58.app/NTESVerifyCodeResources.bundle/ico_close2@1x.png ... 
1264 bytes for ./Payload/appGame58.app/NTESVerifyCodeResources.bundle/ico_close2@1x.png
copying file ./Payload/appGame58.app/NTESVerifyCodeResources.bundle/ico_close2@2x.png ... 
2019-08-27 08:55:55 +0000  3977 bytes for ./Payload/appGame58.app/NTESVerifyCodeResources.bundle/ico_close2@2x.png
copying file ./Payload/appGame58.app/NTESVerifyCodeResources.bundle/bg@2x.png ... 
2019-08-27 08:55:55 +0000  19085 bytes for ./Payload/appGame58.app/NTESVerifyCodeResources.bundle/bg@2x.png
copying file ./Payload/appGame58.app/NTESVerifyCodeResources.bundle/bg@3x.png ... 
2019-08-27 08:55:55 +0000  32590 bytes for ./Payload/appGame58.app/NTESVerifyCodeResources.bundle/bg@3x.png
copying file ./Payload/appGame58.app/NTESVerifyCodeResources.bundle/ico_close2@3x.png ... 
2019-08-27 08:55:55 +0000  6012 bytes for ./Payload/appGame58.app/NTESVerifyCodeResources.bundle/ico_close2@3x.png
copying file ./Payload/appGame58.app/NTESVerifyCodeResources.bundle/ico_error@3x.png ... 
2019-08-27 08:55:55 +0000  660 bytes for ./Payload/appGame58.app/NTESVerifyCodeResources.bundle/ico_error@3x.png
copying file ./Payload/appGame58.app/NTESVerifyCodeResources.bundle/ico_loading@3x.png ... 
2019-08-27 08:55:55 +0000  1566 bytes for ./Payload/appGame58.app/NTESVerifyCodeResources.bundle/ico_loading@3x.png
2019-08-27 08:55:55 +0000  copying file ./Payload/appGame58.app/NTESVerifyCodeResources.bundle/Rectangle@1x.png ... 
970 bytes for ./Payload/appGame58.app/NTESVerifyCodeResources.bundle/Rectangle@1x.png
copying file ./Payload/appGame58.app/NTESVerifyCodeResources.bundle/Info.plist ... 
2019-08-27 08:55:55 +0000  423 bytes for ./Payload/appGame58.app/NTESVerifyCodeResources.bundle/Info.plist
2019-08-27 08:55:55 +0000  copying file ./Payload/appGame58.app/NTESVerifyCodeResources.bundle/ico_loading@2x.png ... 
2019-08-27 08:55:55 +0000  1085 bytes for ./Payload/appGame58.app/NTESVerifyCodeResources.bundle/ico_loading@2x.png
copying file ./Payload/appGame58.app/NTESVerifyCodeResources.bundle/ico_error@2x.png ... 
2019-08-27 08:55:55 +0000  434 bytes for ./Payload/appGame58.app/NTESVerifyCodeResources.bundle/ico_error@2x.png
2019-08-27 08:55:55 +0000  copying file ./Payload/appGame58.app/AppIcon20x20~ipad.png ... 
1088 bytes for ./Payload/appGame58.app/AppIcon20x20~ipad.png
copying file ./Payload/appGame58.app/SimpleLineIcons.ttf ... 
2019-08-27 08:55:55 +0000  54056 bytes for ./Payload/appGame58.app/SimpleLineIcons.ttf
2019-08-27 08:55:55 +0000  copying file ./Payload/appGame58.app/embedded.mobileprovision ... 
2019-08-27 08:55:55 +0000  9650 bytes for ./Payload/appGame58.app/embedded.mobileprovision
2019-08-27 08:55:55 +0000  copying file ./Payload/appGame58.app/assets/app/loading_bg.png ... 
2019-08-27 08:55:55 +0000  31197 bytes for ./Payload/appGame58.app/assets/app/loading_bg.png
2019-08-27 08:55:55 +0000  copying file ./Payload/appGame58.app/SVProgressHUD.bundle/info.png ... 
365 bytes for ./Payload/appGame58.app/SVProgressHUD.bundle/info.png
2019-08-27 08:55:55 +0000  copying file ./Payload/appGame58.app/SVProgressHUD.bundle/error@3x.png ... 
398 bytes for ./Payload/appGame58.app/SVProgressHUD.bundle/error@3x.png
copying file ./Payload/appGame58.app/SVProgressHUD.bundle/angle-mask@3x.png ... 
2019-08-27 08:55:55 +0000  8319 bytes for ./Payload/appGame58.app/SVProgressHUD.bundle/angle-mask@3x.png
copying file ./Payload/appGame58.app/SVProgressHUD.bundle/angle-mask@2x.png ... 
2019-08-27 08:55:55 +0000  4893 bytes for ./Payload/appGame58.app/SVProgressHUD.bundle/angle-mask@2x.png
copying file ./Payload/appGame58.app/SVProgressHUD.bundle/error@2x.png ... 
2019-08-27 08:55:55 +0000  306 bytes for ./Payload/appGame58.app/SVProgressHUD.bundle/error@2x.png
copying file ./Payload/appGame58.app/SVProgressHUD.bundle/info@3x.png ... 
2019-08-27 08:55:55 +0000  1200 bytes for ./Payload/appGame58.app/SVProgressHUD.bundle/info@3x.png
copying file ./Payload/appGame58.app/SVProgressHUD.bundle/success@2x.png ... 
2019-08-27 08:55:55 +0000  462 bytes for ./Payload/appGame58.app/SVProgressHUD.bundle/success@2x.png
copying file ./Payload/appGame58.app/SVProgressHUD.bundle/success@3x.png ... 
714 bytes for ./Payload/appGame58.app/SVProgressHUD.bundle/success@3x.png
copying file ./Payload/appGame58.app/SVProgressHUD.bundle/info@2x.png ... 
2019-08-27 08:55:55 +0000  816 bytes for ./Payload/appGame58.app/SVProgressHUD.bundle/info@2x.png
copying file ./Payload/appGame58.app/SVProgressHUD.bundle/error.png ... 
2019-08-27 08:55:55 +0000  184 bytes for ./Payload/appGame58.app/SVProgressHUD.bundle/error.png
copying file ./Payload/appGame58.app/SVProgressHUD.bundle/success.png ... 
2019-08-27 08:55:55 +0000  262 bytes for ./Payload/appGame58.app/SVProgressHUD.bundle/success.png
copying file ./Payload/appGame58.app/SVProgressHUD.bundle/angle-mask.png ... 
2019-08-27 08:55:55 +0000  1845 bytes for ./Payload/appGame58.app/SVProgressHUD.bundle/angle-mask.png
copying file ./Payload/appGame58.app/colors.json ... 
2019-08-27 08:55:55 +0000  139594 bytes for ./Payload/appGame58.app/colors.json
2019-08-27 08:55:55 +0000  copying file ./Payload/appGame58.app/AppIcon20x20@2x~ipad.png ... 
3212 bytes for ./Payload/appGame58.app/AppIcon20x20@2x~ipad.png
2019-08-27 08:55:55 +0000  copying file ./Payload/appGame58.app/Info.plist ... 
2019-08-27 08:55:55 +0000  3152 bytes for ./Payload/appGame58.app/Info.plist
2019-08-27 08:55:55 +0000  copying file ./Payload/appGame58.app/PkgInfo ... 
8 bytes for ./Payload/appGame58.app/PkgInfo
copying file ./Payload/appGame58.app/MaterialIcons.ttf ... 
2019-08-27 08:55:55 +0000  128180 bytes for ./Payload/appGame58.app/MaterialIcons.ttf
copying file ./Payload/appGame58.app/AppIcon76x76~ipad.png ... 
2019-08-27 08:55:56 +0000  9053 bytes for ./Payload/appGame58.app/AppIcon76x76~ipad.png
2019-08-27 08:55:56 +0000  copying file ./Symbols/577F9373-450F-33B1-9113-1CE94F0AA13C.symbols ... 
2019-08-27 08:55:56 +0000  167288 bytes for ./Symbols/577F9373-450F-33B1-9113-1CE94F0AA13C.symbols
copying file ./Symbols/929E21EF-F36B-3927-9080-8B8467C211D8.symbols ... 
2019-08-27 08:55:56 +0000  3375952 bytes for ./Symbols/929E21EF-F36B-3927-9080-8B8467C211D8.symbols
copying file ./Symbols/8ECDF80F-870B-3A3A-9D09-A28AE10CA1EB.symbols ... 
2019-08-27 08:55:56 +0000  133728 bytes for ./Symbols/8ECDF80F-870B-3A3A-9D09-A28AE10CA1EB.symbols
copying file ./Symbols/3FCB56E1-9E02-306B-B3A2-77EC86CAB36C.symbols ... 
2019-08-27 08:55:56 +0000  3734744 bytes for ./Symbols/3FCB56E1-9E02-306B-B3A2-77EC86CAB36C.symbols
2019-08-27 08:55:56 +0000  /usr/bin/ditto exited with 0
2019-08-27 08:55:56 +0000  Processing step: IDEDistributionAppStoreInformationStep
2019-08-27 08:55:56 +0000  Skipping step: IDEDistributionAppStoreInformationStep because it said so
2019-08-27 08:55:56 +0000  Processing step: IDEDistributionCreateManifestStep
2019-08-27 08:55:56 +0000  Skipping step: IDEDistributionCreateManifestStep because it said so
